
darksocv.o:     file format elf32-littleriscv


Disassembly of section .text:

00000000 <boot>:
   0:	000017b7          	lui	a5,0x1
   4:	ff010113          	addi	sp,sp,-16
   8:	00812423          	sw	s0,8(sp)
   c:	4ac7a403          	lw	s0,1196(a5) # 14ac <threads>
  10:	00112623          	sw	ra,12(sp)
  14:	00140713          	addi	a4,s0,1
  18:	00147413          	andi	s0,s0,1
  1c:	03040513          	addi	a0,s0,48
  20:	4ae7a623          	sw	a4,1196(a5)
  24:	06c000ef          	jal	ra,90 <putchar>
  28:	800007b7          	lui	a5,0x80000
  2c:	00078793          	mv	a5,a5
  30:	00041e63          	bnez	s0,4c <boot+0x4c>
  34:	03100713          	li	a4,49
  38:	00e12023          	sw	a4,0(sp)
  3c:	00100713          	li	a4,1
  40:	00e7a623          	sw	a4,12(a5) # 8000000c <io+0xc>
  44:	74c000ef          	jal	ra,790 <main>
  48:	ffdff06f          	j	44 <boot+0x44>
  4c:	00012703          	lw	a4,0(sp)
  50:	00e7a623          	sw	a4,12(a5)
  54:	0087d703          	lhu	a4,8(a5)
  58:	00174713          	xori	a4,a4,1
  5c:	00e79423          	sh	a4,8(a5)
  60:	00a7d703          	lhu	a4,10(a5)
  64:	00174713          	xori	a4,a4,1
  68:	00e79523          	sh	a4,10(a5)
  6c:	000781a3          	sb	zero,3(a5)
  70:	fe5ff06f          	j	54 <boot+0x54>

00000074 <getchar>:
  74:	800007b7          	lui	a5,0x80000
  78:	00078793          	mv	a5,a5
  7c:	0047c703          	lbu	a4,4(a5) # 80000004 <io+0x4>
  80:	00277713          	andi	a4,a4,2
  84:	fe070ce3          	beqz	a4,7c <getchar+0x8>
  88:	0057c503          	lbu	a0,5(a5)
  8c:	00008067          	ret

00000090 <putchar>:
  90:	800007b7          	lui	a5,0x80000
  94:	00a00713          	li	a4,10
  98:	00078793          	mv	a5,a5
  9c:	00e51c63          	bne	a0,a4,b4 <putchar+0x24>
  a0:	0047c703          	lbu	a4,4(a5) # 80000004 <io+0x4>
  a4:	00177713          	andi	a4,a4,1
  a8:	fe071ce3          	bnez	a4,a0 <putchar+0x10>
  ac:	00d00713          	li	a4,13
  b0:	00e782a3          	sb	a4,5(a5)
  b4:	0047c703          	lbu	a4,4(a5)
  b8:	00177713          	andi	a4,a4,1
  bc:	fe071ce3          	bnez	a4,b4 <putchar+0x24>
  c0:	0ff57713          	andi	a4,a0,255
  c4:	00e782a3          	sb	a4,5(a5)
  c8:	00070513          	mv	a0,a4
  cc:	00008067          	ret

000000d0 <gets>:
  d0:	fe810113          	addi	sp,sp,-24
  d4:	00812823          	sw	s0,16(sp)
  d8:	00912623          	sw	s1,12(sp)
  dc:	00112a23          	sw	ra,20(sp)
  e0:	00050493          	mv	s1,a0
  e4:	00050413          	mv	s0,a0
  e8:	fff58713          	addi	a4,a1,-1
  ec:	02070063          	beqz	a4,10c <gets+0x3c>
  f0:	00b12223          	sw	a1,4(sp)
  f4:	00e12023          	sw	a4,0(sp)
  f8:	f7dff0ef          	jal	ra,74 <getchar>
  fc:	00a00693          	li	a3,10
 100:	00012703          	lw	a4,0(sp)
 104:	00412583          	lw	a1,4(sp)
 108:	02d51863          	bne	a0,a3,138 <gets+0x68>
 10c:	00a00513          	li	a0,10
 110:	f81ff0ef          	jal	ra,90 <putchar>
 114:	00040023          	sb	zero,0(s0)
 118:	00941463          	bne	s0,s1,120 <gets+0x50>
 11c:	00000493          	li	s1,0
 120:	01412083          	lw	ra,20(sp)
 124:	01012403          	lw	s0,16(sp)
 128:	00048513          	mv	a0,s1
 12c:	00c12483          	lw	s1,12(sp)
 130:	01810113          	addi	sp,sp,24
 134:	00008067          	ret
 138:	00b12423          	sw	a1,8(sp)
 13c:	00e12223          	sw	a4,4(sp)
 140:	00d00693          	li	a3,13
 144:	00a12023          	sw	a0,0(sp)
 148:	fcd502e3          	beq	a0,a3,10c <gets+0x3c>
 14c:	f45ff0ef          	jal	ra,90 <putchar>
 150:	00012783          	lw	a5,0(sp)
 154:	00800693          	li	a3,8
 158:	00412703          	lw	a4,4(sp)
 15c:	00812583          	lw	a1,8(sp)
 160:	00d79e63          	bne	a5,a3,17c <gets+0xac>
 164:	00940863          	beq	s0,s1,174 <gets+0xa4>
 168:	fe040fa3          	sb	zero,-1(s0)
 16c:	00058713          	mv	a4,a1
 170:	fff40413          	addi	s0,s0,-1
 174:	00070593          	mv	a1,a4
 178:	f71ff06f          	j	e8 <gets+0x18>
 17c:	00f40023          	sb	a5,0(s0)
 180:	00140413          	addi	s0,s0,1
 184:	ff1ff06f          	j	174 <gets+0xa4>

00000188 <putstr>:
 188:	ff410113          	addi	sp,sp,-12
 18c:	00812223          	sw	s0,4(sp)
 190:	00112423          	sw	ra,8(sp)
 194:	00050413          	mv	s0,a0
 198:	00051663          	bnez	a0,1a4 <putstr+0x1c>
 19c:	00001437          	lui	s0,0x1
 1a0:	0cc40413          	addi	s0,s0,204 # 10cc <board_name+0xcc>
 1a4:	00044503          	lbu	a0,0(s0)
 1a8:	00051a63          	bnez	a0,1bc <putstr+0x34>
 1ac:	00812083          	lw	ra,8(sp)
 1b0:	00412403          	lw	s0,4(sp)
 1b4:	00c10113          	addi	sp,sp,12
 1b8:	00008067          	ret
 1bc:	00140413          	addi	s0,s0,1
 1c0:	ed1ff0ef          	jal	ra,90 <putchar>
 1c4:	fe1ff06f          	j	1a4 <putstr+0x1c>

000001c8 <puts>:
 1c8:	ff410113          	addi	sp,sp,-12
 1cc:	00112423          	sw	ra,8(sp)
 1d0:	fb9ff0ef          	jal	ra,188 <putstr>
 1d4:	00812083          	lw	ra,8(sp)
 1d8:	00a00513          	li	a0,10
 1dc:	00c10113          	addi	sp,sp,12
 1e0:	eb1ff06f          	j	90 <putchar>

000001e4 <putdx>:
 1e4:	fac10113          	addi	sp,sp,-84
 1e8:	00b12023          	sw	a1,0(sp)
 1ec:	000015b7          	lui	a1,0x1
 1f0:	04812623          	sw	s0,76(sp)
 1f4:	04912423          	sw	s1,72(sp)
 1f8:	02c00613          	li	a2,44
 1fc:	08c58493          	addi	s1,a1,140 # 108c <board_name+0x8c>
 200:	00050413          	mv	s0,a0
 204:	08c58593          	addi	a1,a1,140
 208:	01c10513          	addi	a0,sp,28
 20c:	04112823          	sw	ra,80(sp)
 210:	210000ef          	jal	ra,420 <memcpy>
 214:	01400613          	li	a2,20
 218:	02c48593          	addi	a1,s1,44
 21c:	00810513          	addi	a0,sp,8
 220:	200000ef          	jal	ra,420 <memcpy>
 224:	00012703          	lw	a4,0(sp)
 228:	00810793          	addi	a5,sp,8
 22c:	00070463          	beqz	a4,234 <putdx+0x50>
 230:	01c10793          	addi	a5,sp,28
 234:	01800493          	li	s1,24
 238:	0007a583          	lw	a1,0(a5)
 23c:	00059c63          	bnez	a1,254 <putdx+0x70>
 240:	05012083          	lw	ra,80(sp)
 244:	04c12403          	lw	s0,76(sp)
 248:	04812483          	lw	s1,72(sp)
 24c:	05410113          	addi	sp,sp,84
 250:	00008067          	ret
 254:	00100713          	li	a4,1
 258:	00e58463          	beq	a1,a4,260 <putdx+0x7c>
 25c:	04b46063          	bltu	s0,a1,29c <putdx+0xb8>
 260:	00012683          	lw	a3,0(sp)
 264:	00001737          	lui	a4,0x1
 268:	00f12223          	sw	a5,4(sp)
 26c:	0d470713          	addi	a4,a4,212 # 10d4 <board_name+0xd4>
 270:	02068c63          	beqz	a3,2a8 <putdx+0xc4>
 274:	00040513          	mv	a0,s0
 278:	400000ef          	jal	ra,678 <__udivsi3>
 27c:	00a00593          	li	a1,10
 280:	400000ef          	jal	ra,680 <__umodsi3>
 284:	000017b7          	lui	a5,0x1
 288:	0d478713          	addi	a4,a5,212 # 10d4 <board_name+0xd4>
 28c:	00a70533          	add	a0,a4,a0
 290:	00054503          	lbu	a0,0(a0)
 294:	dfdff0ef          	jal	ra,90 <putchar>
 298:	00412783          	lw	a5,4(sp)
 29c:	ff848493          	addi	s1,s1,-8
 2a0:	00478793          	addi	a5,a5,4
 2a4:	f95ff06f          	j	238 <putdx+0x54>
 2a8:	00448693          	addi	a3,s1,4
 2ac:	00d456b3          	srl	a3,s0,a3
 2b0:	00f6f693          	andi	a3,a3,15
 2b4:	00d706b3          	add	a3,a4,a3
 2b8:	0006c503          	lbu	a0,0(a3)
 2bc:	dd5ff0ef          	jal	ra,90 <putchar>
 2c0:	00945533          	srl	a0,s0,s1
 2c4:	000017b7          	lui	a5,0x1
 2c8:	00f57513          	andi	a0,a0,15
 2cc:	0d478713          	addi	a4,a5,212 # 10d4 <board_name+0xd4>
 2d0:	00a70733          	add	a4,a4,a0
 2d4:	00074503          	lbu	a0,0(a4)
 2d8:	fbdff06f          	j	294 <putdx+0xb0>

000002dc <putx>:
 2dc:	00000593          	li	a1,0
 2e0:	f05ff06f          	j	1e4 <putdx>

000002e4 <putd>:
 2e4:	00100593          	li	a1,1
 2e8:	efdff06f          	j	1e4 <putdx>

000002ec <printf>:
 2ec:	fdc10113          	addi	sp,sp,-36
 2f0:	02f12023          	sw	a5,32(sp)
 2f4:	01010793          	addi	a5,sp,16
 2f8:	00812423          	sw	s0,8(sp)
 2fc:	00112623          	sw	ra,12(sp)
 300:	00912223          	sw	s1,4(sp)
 304:	00050413          	mv	s0,a0
 308:	00b12823          	sw	a1,16(sp)
 30c:	00c12a23          	sw	a2,20(sp)
 310:	00d12c23          	sw	a3,24(sp)
 314:	00e12e23          	sw	a4,28(sp)
 318:	00f12023          	sw	a5,0(sp)
 31c:	00044503          	lbu	a0,0(s0)
 320:	00051c63          	bnez	a0,338 <printf+0x4c>
 324:	00c12083          	lw	ra,12(sp)
 328:	00812403          	lw	s0,8(sp)
 32c:	00412483          	lw	s1,4(sp)
 330:	02410113          	addi	sp,sp,36
 334:	00008067          	ret
 338:	02500793          	li	a5,37
 33c:	00140493          	addi	s1,s0,1
 340:	06f51a63          	bne	a0,a5,3b4 <printf+0xc8>
 344:	00144503          	lbu	a0,1(s0)
 348:	07300793          	li	a5,115
 34c:	02f51063          	bne	a0,a5,36c <printf+0x80>
 350:	00012783          	lw	a5,0(sp)
 354:	0007a503          	lw	a0,0(a5)
 358:	00478713          	addi	a4,a5,4
 35c:	00e12023          	sw	a4,0(sp)
 360:	e29ff0ef          	jal	ra,188 <putstr>
 364:	00148413          	addi	s0,s1,1
 368:	fb5ff06f          	j	31c <printf+0x30>
 36c:	07800793          	li	a5,120
 370:	00f51e63          	bne	a0,a5,38c <printf+0xa0>
 374:	00012783          	lw	a5,0(sp)
 378:	0007a503          	lw	a0,0(a5)
 37c:	00478713          	addi	a4,a5,4
 380:	00e12023          	sw	a4,0(sp)
 384:	f59ff0ef          	jal	ra,2dc <putx>
 388:	fddff06f          	j	364 <printf+0x78>
 38c:	06400793          	li	a5,100
 390:	00f51e63          	bne	a0,a5,3ac <printf+0xc0>
 394:	00012783          	lw	a5,0(sp)
 398:	0007a503          	lw	a0,0(a5)
 39c:	00478713          	addi	a4,a5,4
 3a0:	00e12023          	sw	a4,0(sp)
 3a4:	f41ff0ef          	jal	ra,2e4 <putd>
 3a8:	fbdff06f          	j	364 <printf+0x78>
 3ac:	ce5ff0ef          	jal	ra,90 <putchar>
 3b0:	fb5ff06f          	j	364 <printf+0x78>
 3b4:	cddff0ef          	jal	ra,90 <putchar>
 3b8:	00040493          	mv	s1,s0
 3bc:	fa9ff06f          	j	364 <printf+0x78>

000003c0 <strncmp>:
 3c0:	fff60613          	addi	a2,a2,-1
 3c4:	00000793          	li	a5,0
 3c8:	00f50733          	add	a4,a0,a5
 3cc:	00074683          	lbu	a3,0(a4)
 3d0:	00f58733          	add	a4,a1,a5
 3d4:	00074703          	lbu	a4,0(a4)
 3d8:	00c78a63          	beq	a5,a2,3ec <strncmp+0x2c>
 3dc:	00068863          	beqz	a3,3ec <strncmp+0x2c>
 3e0:	00070663          	beqz	a4,3ec <strncmp+0x2c>
 3e4:	00178793          	addi	a5,a5,1
 3e8:	fee680e3          	beq	a3,a4,3c8 <strncmp+0x8>
 3ec:	40e68533          	sub	a0,a3,a4
 3f0:	00008067          	ret

000003f4 <strcmp>:
 3f4:	fff00613          	li	a2,-1
 3f8:	fc9ff06f          	j	3c0 <strncmp>

000003fc <strlen>:
 3fc:	00000793          	li	a5,0
 400:	00f50733          	add	a4,a0,a5
 404:	00074703          	lbu	a4,0(a4)
 408:	00070863          	beqz	a4,418 <strlen+0x1c>
 40c:	00178793          	addi	a5,a5,1
 410:	00f50733          	add	a4,a0,a5
 414:	fe0716e3          	bnez	a4,400 <strlen+0x4>
 418:	00078513          	mv	a0,a5
 41c:	00008067          	ret

00000420 <memcpy>:
 420:	00000793          	li	a5,0
 424:	00c79463          	bne	a5,a2,42c <memcpy+0xc>
 428:	00008067          	ret
 42c:	00f58733          	add	a4,a1,a5
 430:	00074683          	lbu	a3,0(a4)
 434:	00f50733          	add	a4,a0,a5
 438:	00178793          	addi	a5,a5,1
 43c:	00d70023          	sb	a3,0(a4)
 440:	fe5ff06f          	j	424 <memcpy+0x4>

00000444 <memset>:
 444:	00c50633          	add	a2,a0,a2
 448:	00050793          	mv	a5,a0
 44c:	00c79463          	bne	a5,a2,454 <memset+0x10>
 450:	00008067          	ret
 454:	00178793          	addi	a5,a5,1
 458:	feb78fa3          	sb	a1,-1(a5)
 45c:	ff1ff06f          	j	44c <memset+0x8>

00000460 <strtok>:
 460:	fec10113          	addi	sp,sp,-20
 464:	00812623          	sw	s0,12(sp)
 468:	00050413          	mv	s0,a0
 46c:	00058513          	mv	a0,a1
 470:	00912423          	sw	s1,8(sp)
 474:	00112823          	sw	ra,16(sp)
 478:	00058493          	mv	s1,a1
 47c:	f81ff0ef          	jal	ra,3fc <strlen>
 480:	00050693          	mv	a3,a0
 484:	00041863          	bnez	s0,494 <strtok+0x34>
 488:	000017b7          	lui	a5,0x1
 48c:	4b07a403          	lw	s0,1200(a5) # 14b0 <nxt.1625>
 490:	04040863          	beqz	s0,4e0 <strtok+0x80>
 494:	00040793          	mv	a5,s0
 498:	0007c703          	lbu	a4,0(a5)
 49c:	00071863          	bnez	a4,4ac <strtok+0x4c>
 4a0:	000017b7          	lui	a5,0x1
 4a4:	4a07a823          	sw	zero,1200(a5) # 14b0 <nxt.1625>
 4a8:	0380006f          	j	4e0 <strtok+0x80>
 4ac:	00068613          	mv	a2,a3
 4b0:	00078513          	mv	a0,a5
 4b4:	00048593          	mv	a1,s1
 4b8:	00d12223          	sw	a3,4(sp)
 4bc:	00f12023          	sw	a5,0(sp)
 4c0:	f01ff0ef          	jal	ra,3c0 <strncmp>
 4c4:	00012783          	lw	a5,0(sp)
 4c8:	00412683          	lw	a3,4(sp)
 4cc:	00178713          	addi	a4,a5,1
 4d0:	02051463          	bnez	a0,4f8 <strtok+0x98>
 4d4:	00078023          	sb	zero,0(a5)
 4d8:	000017b7          	lui	a5,0x1
 4dc:	4ae7a823          	sw	a4,1200(a5) # 14b0 <nxt.1625>
 4e0:	00040513          	mv	a0,s0
 4e4:	01012083          	lw	ra,16(sp)
 4e8:	00c12403          	lw	s0,12(sp)
 4ec:	00812483          	lw	s1,8(sp)
 4f0:	01410113          	addi	sp,sp,20
 4f4:	00008067          	ret
 4f8:	00070793          	mv	a5,a4
 4fc:	f9dff06f          	j	498 <strtok+0x38>

00000500 <atoi>:
 500:	00000693          	li	a3,0
 504:	00000793          	li	a5,0
 508:	02d00613          	li	a2,45
 50c:	00051c63          	bnez	a0,524 <atoi+0x24>
 510:	02069e63          	bnez	a3,54c <atoi+0x4c>
 514:	00078513          	mv	a0,a5
 518:	00008067          	ret
 51c:	00100693          	li	a3,1
 520:	0240006f          	j	544 <atoi+0x44>
 524:	00054703          	lbu	a4,0(a0)
 528:	fe0704e3          	beqz	a4,510 <atoi+0x10>
 52c:	fec708e3          	beq	a4,a2,51c <atoi+0x1c>
 530:	00379593          	slli	a1,a5,0x3
 534:	fd070713          	addi	a4,a4,-48
 538:	00b70733          	add	a4,a4,a1
 53c:	00179793          	slli	a5,a5,0x1
 540:	00f707b3          	add	a5,a4,a5
 544:	00150513          	addi	a0,a0,1
 548:	fc5ff06f          	j	50c <atoi+0xc>
 54c:	40f007b3          	neg	a5,a5
 550:	fc5ff06f          	j	514 <atoi+0x14>

00000554 <xtoi>:
 554:	00050693          	mv	a3,a0
 558:	03900613          	li	a2,57
 55c:	00000513          	li	a0,0
 560:	00068663          	beqz	a3,56c <xtoi+0x18>
 564:	0006c783          	lbu	a5,0(a3)
 568:	00079463          	bnez	a5,570 <xtoi+0x1c>
 56c:	00008067          	ret
 570:	00451713          	slli	a4,a0,0x4
 574:	00f66a63          	bltu	a2,a5,588 <xtoi+0x34>
 578:	fd078793          	addi	a5,a5,-48
 57c:	00e78533          	add	a0,a5,a4
 580:	00168693          	addi	a3,a3,1
 584:	fddff06f          	j	560 <xtoi+0xc>
 588:	05f7f793          	andi	a5,a5,95
 58c:	fc978793          	addi	a5,a5,-55
 590:	fedff06f          	j	57c <xtoi+0x28>

00000594 <mac>:
 594:	857f                	0x857f
 596:	00c5                	addi	ra,ra,17
 598:	00008067          	ret

0000059c <__umulsi3>:
 59c:	00050793          	mv	a5,a0
 5a0:	00b57663          	bleu	a1,a0,5ac <__umulsi3+0x10>
 5a4:	00058793          	mv	a5,a1
 5a8:	00050593          	mv	a1,a0
 5ac:	00000513          	li	a0,0
 5b0:	00059463          	bnez	a1,5b8 <__umulsi3+0x1c>
 5b4:	00008067          	ret
 5b8:	0015f713          	andi	a4,a1,1
 5bc:	00070463          	beqz	a4,5c4 <__umulsi3+0x28>
 5c0:	00f50533          	add	a0,a0,a5
 5c4:	00179793          	slli	a5,a5,0x1
 5c8:	0015d593          	srli	a1,a1,0x1
 5cc:	fe5ff06f          	j	5b0 <__umulsi3+0x14>

000005d0 <__mulsi3>:
 5d0:	ff410113          	addi	sp,sp,-12
 5d4:	00912023          	sw	s1,0(sp)
 5d8:	00112423          	sw	ra,8(sp)
 5dc:	00812223          	sw	s0,4(sp)
 5e0:	00000493          	li	s1,0
 5e4:	00055663          	bgez	a0,5f0 <__mulsi3+0x20>
 5e8:	40a00533          	neg	a0,a0
 5ec:	00100493          	li	s1,1
 5f0:	00000413          	li	s0,0
 5f4:	0005d663          	bgez	a1,600 <__mulsi3+0x30>
 5f8:	40b005b3          	neg	a1,a1
 5fc:	00100413          	li	s0,1
 600:	f9dff0ef          	jal	ra,59c <__umulsi3>
 604:	00050793          	mv	a5,a0
 608:	00848463          	beq	s1,s0,610 <__mulsi3+0x40>
 60c:	40a007b3          	neg	a5,a0
 610:	00812083          	lw	ra,8(sp)
 614:	00412403          	lw	s0,4(sp)
 618:	00012483          	lw	s1,0(sp)
 61c:	00078513          	mv	a0,a5
 620:	00c10113          	addi	sp,sp,12
 624:	00008067          	ret

00000628 <__udiv_umod_si3>:
 628:	00100793          	li	a5,1
 62c:	00059a63          	bnez	a1,640 <__udiv_umod_si3+0x18>
 630:	00058513          	mv	a0,a1
 634:	00008067          	ret
 638:	00179793          	slli	a5,a5,0x1
 63c:	00159593          	slli	a1,a1,0x1
 640:	fea5ece3          	bltu	a1,a0,638 <__udiv_umod_si3+0x10>
 644:	00058713          	mv	a4,a1
 648:	00000593          	li	a1,0
 64c:	00050463          	beqz	a0,654 <__udiv_umod_si3+0x2c>
 650:	00079863          	bnez	a5,660 <__udiv_umod_si3+0x38>
 654:	fc061ee3          	bnez	a2,630 <__udiv_umod_si3+0x8>
 658:	00050593          	mv	a1,a0
 65c:	fd5ff06f          	j	630 <__udiv_umod_si3+0x8>
 660:	00e56663          	bltu	a0,a4,66c <__udiv_umod_si3+0x44>
 664:	40e50533          	sub	a0,a0,a4
 668:	00f585b3          	add	a1,a1,a5
 66c:	0017d793          	srli	a5,a5,0x1
 670:	00175713          	srli	a4,a4,0x1
 674:	fd9ff06f          	j	64c <__udiv_umod_si3+0x24>

00000678 <__udivsi3>:
 678:	00100613          	li	a2,1
 67c:	fadff06f          	j	628 <__udiv_umod_si3>

00000680 <__umodsi3>:
 680:	00000613          	li	a2,0
 684:	fa5ff06f          	j	628 <__udiv_umod_si3>

00000688 <__div_mod_si3>:
 688:	06058e63          	beqz	a1,704 <__div_mod_si3+0x7c>
 68c:	ff010113          	addi	sp,sp,-16
 690:	00812423          	sw	s0,8(sp)
 694:	00112623          	sw	ra,12(sp)
 698:	00912223          	sw	s1,4(sp)
 69c:	00060793          	mv	a5,a2
 6a0:	00000413          	li	s0,0
 6a4:	00055663          	bgez	a0,6b0 <__div_mod_si3+0x28>
 6a8:	40a00533          	neg	a0,a0
 6ac:	00100413          	li	s0,1
 6b0:	00000493          	li	s1,0
 6b4:	0005d663          	bgez	a1,6c0 <__div_mod_si3+0x38>
 6b8:	40b005b3          	neg	a1,a1
 6bc:	00100493          	li	s1,1
 6c0:	00078613          	mv	a2,a5
 6c4:	00f12023          	sw	a5,0(sp)
 6c8:	f61ff0ef          	jal	ra,628 <__udiv_umod_si3>
 6cc:	00012783          	lw	a5,0(sp)
 6d0:	00050593          	mv	a1,a0
 6d4:	02078263          	beqz	a5,6f8 <__div_mod_si3+0x70>
 6d8:	00940463          	beq	s0,s1,6e0 <__div_mod_si3+0x58>
 6dc:	40a005b3          	neg	a1,a0
 6e0:	00c12083          	lw	ra,12(sp)
 6e4:	00812403          	lw	s0,8(sp)
 6e8:	00412483          	lw	s1,4(sp)
 6ec:	00058513          	mv	a0,a1
 6f0:	01010113          	addi	sp,sp,16
 6f4:	00008067          	ret
 6f8:	fe0404e3          	beqz	s0,6e0 <__div_mod_si3+0x58>
 6fc:	40a005b3          	neg	a1,a0
 700:	fe1ff06f          	j	6e0 <__div_mod_si3+0x58>
 704:	00058513          	mv	a0,a1
 708:	00008067          	ret

0000070c <__divsi3>:
 70c:	00100613          	li	a2,1
 710:	f79ff06f          	j	688 <__div_mod_si3>

00000714 <__modsi3>:
 714:	00000613          	li	a2,0
 718:	f71ff06f          	j	688 <__div_mod_si3>

0000071c <banner>:
 71c:	ee010113          	addi	sp,sp,-288
 720:	000015b7          	lui	a1,0x1
 724:	10d00613          	li	a2,269
 728:	39c58593          	addi	a1,a1,924 # 139c <board_name+0x39c>
 72c:	00410513          	addi	a0,sp,4
 730:	10112e23          	sw	ra,284(sp)
 734:	10812c23          	sw	s0,280(sp)
 738:	10912a23          	sw	s1,276(sp)
 73c:	ce5ff0ef          	jal	ra,420 <memcpy>
 740:	00a00513          	li	a0,10
 744:	94dff0ef          	jal	ra,90 <putchar>
 748:	00410413          	addi	s0,sp,4
 74c:	00044783          	lbu	a5,0(s0)
 750:	00079c63          	bnez	a5,768 <banner+0x4c>
 754:	11c12083          	lw	ra,284(sp)
 758:	11812403          	lw	s0,280(sp)
 75c:	11412483          	lw	s1,276(sp)
 760:	12010113          	addi	sp,sp,288
 764:	00008067          	ret
 768:	00240413          	addi	s0,s0,2
 76c:	fff44483          	lbu	s1,-1(s0)
 770:	fff48493          	addi	s1,s1,-1
 774:	fff00713          	li	a4,-1
 778:	fce48ae3          	beq	s1,a4,74c <banner+0x30>
 77c:	00078513          	mv	a0,a5
 780:	00f12023          	sw	a5,0(sp)
 784:	90dff0ef          	jal	ra,90 <putchar>
 788:	00012783          	lw	a5,0(sp)
 78c:	fe5ff06f          	j	770 <banner+0x54>

Disassembly of section .text.startup:

00000790 <main>:
 790:	f7810113          	addi	sp,sp,-136
 794:	08112223          	sw	ra,132(sp)
 798:	08812023          	sw	s0,128(sp)
 79c:	06912e23          	sw	s1,124(sp)
 7a0:	80000437          	lui	s0,0x80000
 7a4:	f79ff0ef          	jal	ra,71c <banner>
 7a8:	00044783          	lbu	a5,0(s0) # 80000000 <io+0x0>
 7ac:	00001737          	lui	a4,0x1
 7b0:	00070713          	mv	a4,a4
 7b4:	00279793          	slli	a5,a5,0x2
 7b8:	00e787b3          	add	a5,a5,a4
 7bc:	00044603          	lbu	a2,0(s0)
 7c0:	0007a583          	lw	a1,0(a5)
 7c4:	00001537          	lui	a0,0x1
 7c8:	0f450513          	addi	a0,a0,244 # 10f4 <board_name+0xf4>
 7cc:	b21ff0ef          	jal	ra,2ec <printf>
 7d0:	000015b7          	lui	a1,0x1
 7d4:	00001537          	lui	a0,0x1
 7d8:	10858593          	addi	a1,a1,264 # 1108 <board_name+0x108>
 7dc:	12850513          	addi	a0,a0,296 # 1128 <board_name+0x128>
 7e0:	b0dff0ef          	jal	ra,2ec <printf>
 7e4:	00040793          	mv	a5,s0
 7e8:	0017c483          	lbu	s1,1(a5)
 7ec:	0027c303          	lbu	t1,2(a5)
 7f0:	000017b7          	lui	a5,0x1
 7f4:	4ac7a683          	lw	a3,1196(a5) # 14ac <threads>
 7f8:	00040613          	mv	a2,s0
 7fc:	00100713          	li	a4,1
 800:	00c12023          	sw	a2,0(sp)
 804:	0ff4f493          	andi	s1,s1,255
 808:	0ff37313          	andi	t1,t1,255
 80c:	00078413          	mv	s0,a5
 810:	16d74863          	blt	a4,a3,980 <main+0x1f0>
 814:	00001737          	lui	a4,0x1
 818:	4a870713          	addi	a4,a4,1192 # 14a8 <board_name+0x4a8>
 81c:	01000613          	li	a2,16
 820:	01000593          	li	a1,16
 824:	3e800513          	li	a0,1000
 828:	00e12423          	sw	a4,8(sp)
 82c:	00612223          	sw	t1,4(sp)
 830:	d65ff0ef          	jal	ra,594 <mac>
 834:	4e800793          	li	a5,1256
 838:	00412303          	lw	t1,4(sp)
 83c:	00812703          	lw	a4,8(sp)
 840:	14f50663          	beq	a0,a5,98c <main+0x1fc>
 844:	000017b7          	lui	a5,0x1
 848:	4a878793          	addi	a5,a5,1192 # 14a8 <board_name+0x4a8>
 84c:	000016b7          	lui	a3,0x1
 850:	00001537          	lui	a0,0x1
 854:	00030613          	mv	a2,t1
 858:	14868693          	addi	a3,a3,328 # 1148 <board_name+0x148>
 85c:	00048593          	mv	a1,s1
 860:	15050513          	addi	a0,a0,336 # 1150 <board_name+0x150>
 864:	a89ff0ef          	jal	ra,2ec <printf>
 868:	00012783          	lw	a5,0(sp)
 86c:	00001537          	lui	a0,0x1
 870:	17850513          	addi	a0,a0,376 # 1178 <board_name+0x178>
 874:	0067d583          	lhu	a1,6(a5)
 878:	4a042623          	sw	zero,1196(s0)
 87c:	a71ff0ef          	jal	ra,2ec <printf>
 880:	00012783          	lw	a5,0(sp)
 884:	000f45b7          	lui	a1,0xf4
 888:	24058593          	addi	a1,a1,576 # f4240 <nxt.1625+0xf2d90>
 88c:	0017c503          	lbu	a0,1(a5)
 890:	0027c783          	lbu	a5,2(a5)
 894:	0ff7f413          	andi	s0,a5,255
 898:	00012783          	lw	a5,0(sp)
 89c:	00c7a483          	lw	s1,12(a5)
 8a0:	00c7a603          	lw	a2,12(a5)
 8a4:	00c12223          	sw	a2,4(sp)
 8a8:	d29ff0ef          	jal	ra,5d0 <__mulsi3>
 8ac:	00541793          	slli	a5,s0,0x5
 8b0:	408787b3          	sub	a5,a5,s0
 8b4:	00279793          	slli	a5,a5,0x2
 8b8:	008787b3          	add	a5,a5,s0
 8bc:	00379793          	slli	a5,a5,0x3
 8c0:	00f50533          	add	a0,a0,a5
 8c4:	00148593          	addi	a1,s1,1
 8c8:	db1ff0ef          	jal	ra,678 <__udivsi3>
 8cc:	00412603          	lw	a2,4(sp)
 8d0:	00050593          	mv	a1,a0
 8d4:	00001537          	lui	a0,0x1
 8d8:	19450513          	addi	a0,a0,404 # 1194 <board_name+0x194>
 8dc:	a11ff0ef          	jal	ra,2ec <printf>
 8e0:	00a00513          	li	a0,10
 8e4:	facff0ef          	jal	ra,90 <putchar>
 8e8:	00001537          	lui	a0,0x1
 8ec:	1c050513          	addi	a0,a0,448 # 11c0 <board_name+0x1c0>
 8f0:	8d9ff0ef          	jal	ra,1c8 <puts>
 8f4:	000017b7          	lui	a5,0x1
 8f8:	1d878513          	addi	a0,a5,472 # 11d8 <board_name+0x1d8>
 8fc:	9f1ff0ef          	jal	ra,2ec <printf>
 900:	04000613          	li	a2,64
 904:	00000593          	li	a1,0
 908:	03c10513          	addi	a0,sp,60
 90c:	b39ff0ef          	jal	ra,444 <memset>
 910:	04000593          	li	a1,64
 914:	03c10513          	addi	a0,sp,60
 918:	fb8ff0ef          	jal	ra,d0 <gets>
 91c:	00000413          	li	s0,0
 920:	03c10513          	addi	a0,sp,60
 924:	000014b7          	lui	s1,0x1
 928:	1dc48593          	addi	a1,s1,476 # 11dc <board_name+0x1dc>
 92c:	b35ff0ef          	jal	ra,460 <strtok>
 930:	00241793          	slli	a5,s0,0x2
 934:	07c10713          	addi	a4,sp,124
 938:	00f707b3          	add	a5,a4,a5
 93c:	faa7a023          	sw	a0,-96(a5)
 940:	00050a63          	beqz	a0,954 <main+0x1c4>
 944:	00140413          	addi	s0,s0,1
 948:	00800793          	li	a5,8
 94c:	00000513          	li	a0,0
 950:	fcf41ce3          	bne	s0,a5,928 <main+0x198>
 954:	01c12403          	lw	s0,28(sp)
 958:	f8040ee3          	beqz	s0,8f4 <main+0x164>
 95c:	000015b7          	lui	a1,0x1
 960:	1e058593          	addi	a1,a1,480 # 11e0 <board_name+0x1e0>
 964:	00040513          	mv	a0,s0
 968:	a8dff0ef          	jal	ra,3f4 <strcmp>
 96c:	02051663          	bnez	a0,998 <main+0x208>
 970:	00001537          	lui	a0,0x1
 974:	1e850513          	addi	a0,a0,488 # 11e8 <board_name+0x1e8>
 978:	975ff0ef          	jal	ra,2ec <printf>
 97c:	f79ff06f          	j	8f4 <main+0x164>
 980:	00001737          	lui	a4,0x1
 984:	0e870713          	addi	a4,a4,232 # 10e8 <board_name+0xe8>
 988:	e95ff06f          	j	81c <main+0x8c>
 98c:	000017b7          	lui	a5,0x1
 990:	0ec78793          	addi	a5,a5,236 # 10ec <board_name+0xec>
 994:	eb9ff06f          	j	84c <main+0xbc>
 998:	000015b7          	lui	a1,0x1
 99c:	1f058593          	addi	a1,a1,496 # 11f0 <board_name+0x1f0>
 9a0:	00040513          	mv	a0,s0
 9a4:	a51ff0ef          	jal	ra,3f4 <strcmp>
 9a8:	00051a63          	bnez	a0,9bc <main+0x22c>
 9ac:	d71ff0ef          	jal	ra,71c <banner>
 9b0:	00001537          	lui	a0,0x1
 9b4:	1f850513          	addi	a0,a0,504 # 11f8 <board_name+0x1f8>
 9b8:	f39ff06f          	j	8f0 <main+0x160>
 9bc:	000015b7          	lui	a1,0x1
 9c0:	21058593          	addi	a1,a1,528 # 1210 <board_name+0x210>
 9c4:	00040513          	mv	a0,s0
 9c8:	a2dff0ef          	jal	ra,3f4 <strcmp>
 9cc:	0a051863          	bnez	a0,a7c <main+0x2ec>
 9d0:	02012403          	lw	s0,32(sp)
 9d4:	00040863          	beqz	s0,9e4 <main+0x254>
 9d8:	00040513          	mv	a0,s0
 9dc:	b79ff0ef          	jal	ra,554 <xtoi>
 9e0:	00050413          	mv	s0,a0
 9e4:	10040793          	addi	a5,s0,256
 9e8:	00f12223          	sw	a5,4(sp)
 9ec:	000014b7          	lui	s1,0x1
 9f0:	00040593          	mv	a1,s0
 9f4:	21848513          	addi	a0,s1,536 # 1218 <board_name+0x218>
 9f8:	8f5ff0ef          	jal	ra,2ec <printf>
 9fc:	00000713          	li	a4,0
 a00:	00001637          	lui	a2,0x1
 a04:	00e406b3          	add	a3,s0,a4
 a08:	0006c583          	lbu	a1,0(a3)
 a0c:	22060513          	addi	a0,a2,544 # 1220 <board_name+0x220>
 a10:	00e12423          	sw	a4,8(sp)
 a14:	8d9ff0ef          	jal	ra,2ec <printf>
 a18:	00812703          	lw	a4,8(sp)
 a1c:	01000693          	li	a3,16
 a20:	00001637          	lui	a2,0x1
 a24:	00170713          	addi	a4,a4,1
 a28:	fcd71ee3          	bne	a4,a3,a04 <main+0x274>
 a2c:	00000713          	li	a4,0
 a30:	00e406b3          	add	a3,s0,a4
 a34:	0006c503          	lbu	a0,0(a3)
 a38:	05e00613          	li	a2,94
 a3c:	fe050693          	addi	a3,a0,-32
 a40:	0ff6f693          	andi	a3,a3,255
 a44:	00d67463          	bleu	a3,a2,a4c <main+0x2bc>
 a48:	02e00513          	li	a0,46
 a4c:	00e12423          	sw	a4,8(sp)
 a50:	e40ff0ef          	jal	ra,90 <putchar>
 a54:	00812703          	lw	a4,8(sp)
 a58:	01000693          	li	a3,16
 a5c:	00170713          	addi	a4,a4,1
 a60:	fcd718e3          	bne	a4,a3,a30 <main+0x2a0>
 a64:	00a00513          	li	a0,10
 a68:	e28ff0ef          	jal	ra,90 <putchar>
 a6c:	00412783          	lw	a5,4(sp)
 a70:	01040413          	addi	s0,s0,16
 a74:	f6f41ee3          	bne	s0,a5,9f0 <main+0x260>
 a78:	e7dff06f          	j	8f4 <main+0x164>
 a7c:	000015b7          	lui	a1,0x1
 a80:	00200613          	li	a2,2
 a84:	22458593          	addi	a1,a1,548 # 1224 <board_name+0x224>
 a88:	00040513          	mv	a0,s0
 a8c:	935ff0ef          	jal	ra,3c0 <strncmp>
 a90:	00050e63          	beqz	a0,aac <main+0x31c>
 a94:	000015b7          	lui	a1,0x1
 a98:	00200613          	li	a2,2
 a9c:	22858593          	addi	a1,a1,552 # 1228 <board_name+0x228>
 aa0:	00040513          	mv	a0,s0
 aa4:	91dff0ef          	jal	ra,3c0 <strncmp>
 aa8:	1e051663          	bnez	a0,c94 <main+0x504>
 aac:	00244703          	lbu	a4,2(s0)
 ab0:	06d00793          	li	a5,109
 ab4:	06f71263          	bne	a4,a5,b18 <main+0x388>
 ab8:	02012503          	lw	a0,32(sp)
 abc:	a99ff0ef          	jal	ra,554 <xtoi>
 ac0:	00a12a23          	sw	a0,20(sp)
 ac4:	00200793          	li	a5,2
 ac8:	00300713          	li	a4,3
 acc:	00e12823          	sw	a4,16(sp)
 ad0:	00178713          	addi	a4,a5,1
 ad4:	00e12623          	sw	a4,12(sp)
 ad8:	00279793          	slli	a5,a5,0x2
 adc:	07c10713          	addi	a4,sp,124
 ae0:	00f707b3          	add	a5,a4,a5
 ae4:	fa07a503          	lw	a0,-96(a5)
 ae8:	00000493          	li	s1,0
 aec:	a69ff0ef          	jal	ra,554 <xtoi>
 af0:	00a12223          	sw	a0,4(sp)
 af4:	00050593          	mv	a1,a0
 af8:	00001537          	lui	a0,0x1
 afc:	21850513          	addi	a0,a0,536 # 1218 <board_name+0x218>
 b00:	fecff0ef          	jal	ra,2ec <printf>
 b04:	01412783          	lw	a5,20(sp)
 b08:	02979263          	bne	a5,s1,b2c <main+0x39c>
 b0c:	00a00513          	li	a0,10
 b10:	d80ff0ef          	jal	ra,90 <putchar>
 b14:	de1ff06f          	j	8f4 <main+0x164>
 b18:	00100713          	li	a4,1
 b1c:	00e12a23          	sw	a4,20(sp)
 b20:	00100793          	li	a5,1
 b24:	00200713          	li	a4,2
 b28:	fa5ff06f          	j	acc <main+0x33c>
 b2c:	01012783          	lw	a5,16(sp)
 b30:	00044703          	lbu	a4,0(s0)
 b34:	00f407b3          	add	a5,s0,a5
 b38:	00f12423          	sw	a5,8(sp)
 b3c:	07200793          	li	a5,114
 b40:	08f71663          	bne	a4,a5,bcc <main+0x43c>
 b44:	00812783          	lw	a5,8(sp)
 b48:	0007c703          	lbu	a4,0(a5)
 b4c:	06200793          	li	a5,98
 b50:	00f71e63          	bne	a4,a5,b6c <main+0x3dc>
 b54:	00412783          	lw	a5,4(sp)
 b58:	009787b3          	add	a5,a5,s1
 b5c:	0007c583          	lbu	a1,0(a5)
 b60:	000017b7          	lui	a5,0x1
 b64:	22078513          	addi	a0,a5,544 # 1220 <board_name+0x220>
 b68:	f84ff0ef          	jal	ra,2ec <printf>
 b6c:	00812783          	lw	a5,8(sp)
 b70:	0007c703          	lbu	a4,0(a5)
 b74:	07700793          	li	a5,119
 b78:	02f71063          	bne	a4,a5,b98 <main+0x408>
 b7c:	00412703          	lw	a4,4(sp)
 b80:	00149793          	slli	a5,s1,0x1
 b84:	00e787b3          	add	a5,a5,a4
 b88:	00079583          	lh	a1,0(a5)
 b8c:	000017b7          	lui	a5,0x1
 b90:	22078513          	addi	a0,a5,544 # 1220 <board_name+0x220>
 b94:	f58ff0ef          	jal	ra,2ec <printf>
 b98:	00812783          	lw	a5,8(sp)
 b9c:	0007c703          	lbu	a4,0(a5)
 ba0:	06c00793          	li	a5,108
 ba4:	02f71063          	bne	a4,a5,bc4 <main+0x434>
 ba8:	00412703          	lw	a4,4(sp)
 bac:	00249793          	slli	a5,s1,0x2
 bb0:	00e787b3          	add	a5,a5,a4
 bb4:	0007a583          	lw	a1,0(a5)
 bb8:	000017b7          	lui	a5,0x1
 bbc:	22078513          	addi	a0,a5,544 # 1220 <board_name+0x220>
 bc0:	f2cff0ef          	jal	ra,2ec <printf>
 bc4:	00148493          	addi	s1,s1,1
 bc8:	f3dff06f          	j	b04 <main+0x374>
 bcc:	00c12783          	lw	a5,12(sp)
 bd0:	07c10713          	addi	a4,sp,124
 bd4:	00178793          	addi	a5,a5,1
 bd8:	00f12c23          	sw	a5,24(sp)
 bdc:	00c12783          	lw	a5,12(sp)
 be0:	00279793          	slli	a5,a5,0x2
 be4:	00f707b3          	add	a5,a4,a5
 be8:	fa07a503          	lw	a0,-96(a5)
 bec:	969ff0ef          	jal	ra,554 <xtoi>
 bf0:	00812703          	lw	a4,8(sp)
 bf4:	00050793          	mv	a5,a0
 bf8:	00074683          	lbu	a3,0(a4)
 bfc:	06200713          	li	a4,98
 c00:	02e69463          	bne	a3,a4,c28 <main+0x498>
 c04:	00412703          	lw	a4,4(sp)
 c08:	000017b7          	lui	a5,0x1
 c0c:	0ff57593          	andi	a1,a0,255
 c10:	00970733          	add	a4,a4,s1
 c14:	00a70023          	sb	a0,0(a4)
 c18:	00a12623          	sw	a0,12(sp)
 c1c:	22078513          	addi	a0,a5,544 # 1220 <board_name+0x220>
 c20:	eccff0ef          	jal	ra,2ec <printf>
 c24:	00c12783          	lw	a5,12(sp)
 c28:	00812703          	lw	a4,8(sp)
 c2c:	00074683          	lbu	a3,0(a4)
 c30:	07700713          	li	a4,119
 c34:	02e69863          	bne	a3,a4,c64 <main+0x4d4>
 c38:	01079593          	slli	a1,a5,0x10
 c3c:	00f12623          	sw	a5,12(sp)
 c40:	00412783          	lw	a5,4(sp)
 c44:	00149713          	slli	a4,s1,0x1
 c48:	4105d593          	srai	a1,a1,0x10
 c4c:	00f70733          	add	a4,a4,a5
 c50:	000017b7          	lui	a5,0x1
 c54:	22078513          	addi	a0,a5,544 # 1220 <board_name+0x220>
 c58:	00b71023          	sh	a1,0(a4)
 c5c:	e90ff0ef          	jal	ra,2ec <printf>
 c60:	00c12783          	lw	a5,12(sp)
 c64:	00812703          	lw	a4,8(sp)
 c68:	01812603          	lw	a2,24(sp)
 c6c:	00074683          	lbu	a3,0(a4)
 c70:	00c12623          	sw	a2,12(sp)
 c74:	06c00713          	li	a4,108
 c78:	f4e696e3          	bne	a3,a4,bc4 <main+0x434>
 c7c:	00412683          	lw	a3,4(sp)
 c80:	00249713          	slli	a4,s1,0x2
 c84:	00078593          	mv	a1,a5
 c88:	00d70733          	add	a4,a4,a3
 c8c:	00f72023          	sw	a5,0(a4)
 c90:	f29ff06f          	j	bb8 <main+0x428>
 c94:	000015b7          	lui	a1,0x1
 c98:	22c58593          	addi	a1,a1,556 # 122c <board_name+0x22c>
 c9c:	00040513          	mv	a0,s0
 ca0:	f54ff0ef          	jal	ra,3f4 <strcmp>
 ca4:	02051c63          	bnez	a0,cdc <main+0x54c>
 ca8:	02012503          	lw	a0,32(sp)
 cac:	00050c63          	beqz	a0,cc4 <main+0x534>
 cb0:	8a5ff0ef          	jal	ra,554 <xtoi>
 cb4:	00012783          	lw	a5,0(sp)
 cb8:	01051513          	slli	a0,a0,0x10
 cbc:	01055513          	srli	a0,a0,0x10
 cc0:	00a79423          	sh	a0,8(a5)
 cc4:	00012783          	lw	a5,0(sp)
 cc8:	00001537          	lui	a0,0x1
 ccc:	23050513          	addi	a0,a0,560 # 1230 <board_name+0x230>
 cd0:	0087d583          	lhu	a1,8(a5)
 cd4:	e18ff0ef          	jal	ra,2ec <printf>
 cd8:	c1dff06f          	j	8f4 <main+0x164>
 cdc:	000015b7          	lui	a1,0x1
 ce0:	23c58593          	addi	a1,a1,572 # 123c <board_name+0x23c>
 ce4:	00040513          	mv	a0,s0
 ce8:	f0cff0ef          	jal	ra,3f4 <strcmp>
 cec:	02051663          	bnez	a0,d18 <main+0x588>
 cf0:	02012503          	lw	a0,32(sp)
 cf4:	00050863          	beqz	a0,d04 <main+0x574>
 cf8:	809ff0ef          	jal	ra,500 <atoi>
 cfc:	00012783          	lw	a5,0(sp)
 d00:	00a7a623          	sw	a0,12(a5)
 d04:	00012783          	lw	a5,0(sp)
 d08:	00001537          	lui	a0,0x1
 d0c:	24450513          	addi	a0,a0,580 # 1244 <board_name+0x244>
 d10:	00c7a583          	lw	a1,12(a5)
 d14:	fc1ff06f          	j	cd4 <main+0x544>
 d18:	000015b7          	lui	a1,0x1
 d1c:	25058593          	addi	a1,a1,592 # 1250 <board_name+0x250>
 d20:	00040513          	mv	a0,s0
 d24:	ed0ff0ef          	jal	ra,3f4 <strcmp>
 d28:	02051a63          	bnez	a0,d5c <main+0x5cc>
 d2c:	02012503          	lw	a0,32(sp)
 d30:	00050c63          	beqz	a0,d48 <main+0x5b8>
 d34:	821ff0ef          	jal	ra,554 <xtoi>
 d38:	00012783          	lw	a5,0(sp)
 d3c:	01051513          	slli	a0,a0,0x10
 d40:	01055513          	srli	a0,a0,0x10
 d44:	00a79523          	sh	a0,10(a5)
 d48:	00012783          	lw	a5,0(sp)
 d4c:	00001537          	lui	a0,0x1
 d50:	25850513          	addi	a0,a0,600 # 1258 <board_name+0x258>
 d54:	00a7d583          	lhu	a1,10(a5)
 d58:	f7dff06f          	j	cd4 <main+0x544>
 d5c:	000015b7          	lui	a1,0x1
 d60:	26458593          	addi	a1,a1,612 # 1264 <board_name+0x264>
 d64:	00040513          	mv	a0,s0
 d68:	e8cff0ef          	jal	ra,3f4 <strcmp>
 d6c:	02051a63          	bnez	a0,da0 <main+0x610>
 d70:	02012503          	lw	a0,32(sp)
 d74:	f8cff0ef          	jal	ra,500 <atoi>
 d78:	00050413          	mv	s0,a0
 d7c:	02412503          	lw	a0,36(sp)
 d80:	f80ff0ef          	jal	ra,500 <atoi>
 d84:	00050593          	mv	a1,a0
 d88:	00040513          	mv	a0,s0
 d8c:	845ff0ef          	jal	ra,5d0 <__mulsi3>
 d90:	00050593          	mv	a1,a0
 d94:	00001537          	lui	a0,0x1
 d98:	26850513          	addi	a0,a0,616 # 1268 <board_name+0x268>
 d9c:	f39ff06f          	j	cd4 <main+0x544>
 da0:	000015b7          	lui	a1,0x1
 da4:	27458593          	addi	a1,a1,628 # 1274 <board_name+0x274>
 da8:	00040513          	mv	a0,s0
 dac:	e48ff0ef          	jal	ra,3f4 <strcmp>
 db0:	04051863          	bnez	a0,e00 <main+0x670>
 db4:	02012503          	lw	a0,32(sp)
 db8:	f48ff0ef          	jal	ra,500 <atoi>
 dbc:	00050413          	mv	s0,a0
 dc0:	02412503          	lw	a0,36(sp)
 dc4:	f3cff0ef          	jal	ra,500 <atoi>
 dc8:	00050493          	mv	s1,a0
 dcc:	00050593          	mv	a1,a0
 dd0:	00040513          	mv	a0,s0
 dd4:	941ff0ef          	jal	ra,714 <__modsi3>
 dd8:	00a12223          	sw	a0,4(sp)
 ddc:	00048593          	mv	a1,s1
 de0:	00040513          	mv	a0,s0
 de4:	929ff0ef          	jal	ra,70c <__divsi3>
 de8:	00412603          	lw	a2,4(sp)
 dec:	00050593          	mv	a1,a0
 df0:	00001537          	lui	a0,0x1
 df4:	27850513          	addi	a0,a0,632 # 1278 <board_name+0x278>
 df8:	cf4ff0ef          	jal	ra,2ec <printf>
 dfc:	af9ff06f          	j	8f4 <main+0x164>
 e00:	000015b7          	lui	a1,0x1
 e04:	28c58593          	addi	a1,a1,652 # 128c <board_name+0x28c>
 e08:	00040513          	mv	a0,s0
 e0c:	de8ff0ef          	jal	ra,3f4 <strcmp>
 e10:	04051663          	bnez	a0,e5c <main+0x6cc>
 e14:	02012503          	lw	a0,32(sp)
 e18:	ee8ff0ef          	jal	ra,500 <atoi>
 e1c:	00050413          	mv	s0,a0
 e20:	02412503          	lw	a0,36(sp)
 e24:	edcff0ef          	jal	ra,500 <atoi>
 e28:	00050493          	mv	s1,a0
 e2c:	02812503          	lw	a0,40(sp)
 e30:	ed0ff0ef          	jal	ra,500 <atoi>
 e34:	01051613          	slli	a2,a0,0x10
 e38:	01049593          	slli	a1,s1,0x10
 e3c:	4105d593          	srai	a1,a1,0x10
 e40:	41065613          	srai	a2,a2,0x10
 e44:	00040513          	mv	a0,s0
 e48:	f4cff0ef          	jal	ra,594 <mac>
 e4c:	00050593          	mv	a1,a0
 e50:	00001537          	lui	a0,0x1
 e54:	29050513          	addi	a0,a0,656 # 1290 <board_name+0x290>
 e58:	e7dff06f          	j	cd4 <main+0x544>
 e5c:	00044783          	lbu	a5,0(s0)
 e60:	a8078ae3          	beqz	a5,8f4 <main+0x164>
 e64:	00001537          	lui	a0,0x1
 e68:	00040593          	mv	a1,s0
 e6c:	29c50513          	addi	a0,a0,668 # 129c <board_name+0x29c>
 e70:	e65ff06f          	j	cd4 <main+0x544>
